cl : Command line warning D9007: '/Gm' requires '/Zi or /ZI'; option ignored
  chealpix.c
chealpix.c(449): warning C4028: formal parameter 1 different from declaration
chealpix.c(522): warning C4244: 'initializing': conversion from 'double' to 'hpint64', possible loss of data
chealpix.c(556): warning C4244: '=': conversion from 'hpint64' to 'int', possible loss of data
chealpix.c(558): warning C4244: '=': conversion from 'hpint64' to 'int', possible loss of data
chealpix.c(559): warning C4244: '=': conversion from 'hpint64' to 'int', possible loss of data
chealpix.c(633): warning C4244: '=': conversion from 'hpint64' to 'int', possible loss of data
chealpix.c(635): warning C4244: '=': conversion from 'hpint64' to 'int', possible loss of data
chealpix.c(637): warning C4244: '=': conversion from 'hpint64' to 'int', possible loss of data
chealpix.c(661): warning C4244: '=': conversion from 'hpint64' to 'int', possible loss of data
chealpix.c(662): warning C4244: '=': conversion from 'hpint64' to 'int', possible loss of data
chealpix.c(681): warning C4244: '=': conversion from 'hpint64' to 'int', possible loss of data
chealpix.c(683): warning C4244: '=': conversion from 'hpint64' to 'int', possible loss of data
chealpix.c(685): warning C4244: '=': conversion from 'hpint64' to 'int', possible loss of data
chealpix.c(687): warning C4244: '=': conversion from 'hpint64' to 'int', possible loss of data
chealpix.c(688): warning C4244: '=': conversion from 'hpint64' to 'int', possible loss of data
chealpix.c(701): warning C4244: '=': conversion from 'hpint64' to 'int', possible loss of data
chealpix.c(702): warning C4244: '=': conversion from 'hpint64' to 'int', possible loss of data
chealpix.c(703): warning C4244: '=': conversion from 'hpint64' to 'int', possible loss of data
chealpix.c(704): warning C4244: '=': conversion from 'hpint64' to 'int', possible loss of data
chealpix.c(708): warning C4244: '=': conversion from 'hpint64' to 'int', possible loss of data
chealpix.c(709): warning C4244: '=': conversion from 'hpint64' to 'int', possible loss of data
chealpix.c(854): warning C4244: 'function': conversion from 'double' to 'hpint64', possible loss of data
cl : Command line warning D9007: '/Gm' requires '/Zi or /ZI'; option ignored
  glut_ply.cpp
glut_ply.cpp(122): warning C4305: 'initializing': truncation from 'double' to 'float'
  LoadShaders.cpp
  main.cpp
main.cpp(219): warning C4244: '=': conversion from 'double' to 'GLfloat', possible loss of data
main.cpp(220): warning C4554: '&': check operator precedence for possible error; use parentheses to clarify precedence
main.cpp(221): warning C4244: '=': conversion from 'double' to 'GLfloat', possible loss of data
main.cpp(223): warning C4244: '=': conversion from 'double' to 'GLfloat', possible loss of data
main.cpp(226): warning C4244: '=': conversion from 'double' to 'GLfloat', possible loss of data
main.cpp(371): warning C4244: 'argument': conversion from 'double' to 'GLfloat', possible loss of data
main.cpp(372): warning C4244: 'initializing': conversion from 'double' to 'float', possible loss of data
main.cpp(374): warning C4244: 'argument': conversion from 'double' to 'GLfloat', possible loss of data
main.cpp(375): warning C4244: 'argument': conversion from 'double' to 'GLfloat', possible loss of data
main.cpp(376): warning C4244: 'argument': conversion from 'double' to 'GLfloat', possible loss of data
main.cpp(377): warning C4244: 'argument': conversion from 'double' to 'GLfloat', possible loss of data
main.cpp(387): warning C4244: 'initializing': conversion from 'double' to 'float', possible loss of data
main.cpp(389): warning C4244: 'argument': conversion from 'double' to 'GLfloat', possible loss of data
main.cpp(390): warning C4244: 'argument': conversion from 'double' to 'GLfloat', possible loss of data
main.cpp(391): warning C4244: 'argument': conversion from 'double' to 'GLfloat', possible loss of data
main.cpp(392): warning C4244: 'argument': conversion from 'double' to 'GLfloat', possible loss of data
main.cpp(524): warning C4305: 'argument': truncation from 'double' to 'GLclampf'
main.cpp(627): warning C4244: '=': conversion from 'double' to 'float', possible loss of data
  Generating Code...
c:\users\pjbarton\desktop\prism\gl\hellogl\hellogl\glut_ply.cpp(50): warning C4172: returning address of local variable or temporary: norm
cl : Command line warning D9007: '/Gm' requires '/Zi or /ZI'; option ignored
  lodepng.cpp
main.obj : error LNK2019: unresolved external symbol __imp__config_read_file referenced in function _main
main.obj : error LNK2019: unresolved external symbol __imp__config_init referenced in function _main
main.obj : error LNK2019: unresolved external symbol __imp__config_destroy referenced in function _main
main.obj : error LNK2019: unresolved external symbol __imp__config_lookup_int referenced in function _main
C:\Users\pjbarton\Desktop\PRISM\GL\HelloGL\Debug\HelloGL.exe : fatal error LNK1120: 4 unresolved externals
